<?xml version="1.0" encoding="UTF-8"?>
<!-- Generated by org.testng.reporters.JUnitReportReporter -->
<testsuite skipped="0" hostname="FWS-LP-152" name="frameWorksExamplesTestNG.ExecutionTestNGBasedOnGroups" tests="2" failures="0" timestamp="2020-09-01T18:27:05 IST" time="0.009" errors="0">
  <testcase name="addUser" time="0.007" classname="frameWorksExamplesTestNG.ExecutionTestNGBasedOnGroups"/>
  <testcase name="editUser" time="0.002" classname="frameWorksExamplesTestNG.ExecutionTestNGBasedOnGroups"/>
</testsuite> <!-- frameWorksExamplesTestNG.ExecutionTestNGBasedOnGroups -->
