<?xml version="1.0" encoding="UTF-8"?>
<!-- Generated by org.testng.reporters.JUnitReportReporter -->
<testsuite skipped="0" hostname="FWS-LP-152" name="frameWorksExamplesTestNG.Priority" tests="3" failures="0" timestamp="2020-09-01T15:36:24 IST" time="0.011" errors="0">
  <testcase name="method3" time="0.007" classname="frameWorksExamplesTestNG.Priority"/>
  <testcase name="method2" time="0.003" classname="frameWorksExamplesTestNG.Priority"/>
  <testcase name="method1" time="0.001" classname="frameWorksExamplesTestNG.Priority"/>
</testsuite> <!-- frameWorksExamplesTestNG.Priority -->
