<?xml version="1.0" encoding="UTF-8"?>
<!-- Generated by org.testng.reporters.JUnitReportReporter -->
<testsuite skipped="0" hostname="FWS-LP-152" name="frameWorksExamplesTestNG.RexecuteSameMethodsMultipleTime" tests="5" failures="0" timestamp="2020-09-01T15:48:33 IST" time="0.019" errors="0">
  <testcase name="sampleMethod2" time="0.013" classname="frameWorksExamplesTestNG.RexecuteSameMethodsMultipleTime"/>
  <testcase name="sampleMethod1" time="0.002" classname="frameWorksExamplesTestNG.RexecuteSameMethodsMultipleTime"/>
  <testcase name="sampleMethod1" time="0.001" classname="frameWorksExamplesTestNG.RexecuteSameMethodsMultipleTime"/>
  <testcase name="sampleMethod1" time="0.001" classname="frameWorksExamplesTestNG.RexecuteSameMethodsMultipleTime"/>
  <testcase name="sampleMethod3" time="0.002" classname="frameWorksExamplesTestNG.RexecuteSameMethodsMultipleTime"/>
</testsuite> <!-- frameWorksExamplesTestNG.RexecuteSameMethodsMultipleTime -->
