<?xml version="1.0" encoding="UTF-8"?>
<!-- Generated by org.testng.reporters.JUnitReportReporter -->
<testsuite skipped="0" hostname="FWS-LP-152" name="frameWorksExamplesTestNG.TestNGMethods" tests="6" failures="0" timestamp="2020-09-01T15:40:00 IST" time="0.015" errors="0">
  <testcase name="printOnlyInConsole" time="0.002" classname="frameWorksExamplesTestNG.TestNGMethods"/>
  <testcase name="printOnlyInConsole" time="0.001" classname="frameWorksExamplesTestNG.TestNGMethods"/>
  <testcase name="printOnlyInConsole" time="0.001" classname="frameWorksExamplesTestNG.TestNGMethods"/>
  <testcase name="print" time="0.007" classname="frameWorksExamplesTestNG.TestNGMethods"/>
  <testcase name="printInBothConsoleAndReport" time="0.001" classname="frameWorksExamplesTestNG.TestNGMethods"/>
  <testcase name="printOnlyInConsole" time="0.003" classname="frameWorksExamplesTestNG.TestNGMethods"/>
</testsuite> <!-- frameWorksExamplesTestNG.TestNGMethods -->
